<?xml version="1.0" encoding="UTF-8"?>
<testng-results ignored="0" total="1" passed="1" failed="0" skipped="0">
  <reporter-output>
  </reporter-output>
  <suite started-at="2023-02-03T10:08:59Z" name="TestSuite" finished-at="2023-02-03T10:09:36Z" duration-ms="36725">
    <groups>
    </groups>
    <test started-at="2023-02-03T10:08:59Z" name="Pixel Test" finished-at="2023-02-03T10:09:36Z" duration-ms="36725">
      <class name="org.example.tests.SampleTest">
        <test-method is-config="true" signature="setup(java.lang.String, java.lang.String, java.lang.String, java.lang.String)[pri:0, instance:org.example.tests.SampleTest@2ddc8ecb]" started-at="2023-02-03T10:08:59Z" name="setup" finished-at="2023-02-03T10:09:07Z" duration-ms="7827" status="PASS">
          <params>
            <param index="0">
              <value>
                <![CDATA[emulator-5554]]>
              </value>
            </param>
            <param index="1">
              <value>
                <![CDATA[emulator-5554]]>
              </value>
            </param>
            <param index="2">
              <value>
                <![CDATA[Android]]>
              </value>
            </param>
            <param index="3">
              <value>
                <![CDATA[11]]>
              </value>
            </param>
          </params>
          <reporter-output>
          </reporter-output>
        </test-method> <!-- setup -->
        <test-method signature="sampleTestStep()[pri:0, instance:org.example.tests.SampleTest@2ddc8ecb]" started-at="2023-02-03T10:09:07Z" name="sampleTestStep" finished-at="2023-02-03T10:09:35Z" duration-ms="28289" status="PASS">
          <reporter-output>
          </reporter-output>
        </test-method> <!-- sampleTestStep -->
        <test-method is-config="true" signature="closeDriver()[pri:0, instance:org.example.tests.SampleTest@2ddc8ecb]" started-at="2023-02-03T10:09:35Z" name="closeDriver" finished-at="2023-02-03T10:09:36Z" duration-ms="592" status="PASS">
          <reporter-output>
          </reporter-output>
        </test-method> <!-- closeDriver -->
      </class> <!-- org.example.tests.SampleTest -->
    </test> <!-- Pixel Test -->
  </suite> <!-- TestSuite -->
</testng-results>
